{"uuid":"4e576dae-a216-4dec-a493-40ab17a2bbaf","historyId":"3eb11ecd1be5301b3faec116b9120139","testCaseId":"cea13a0d7f8873d93139df29d14c1f73","fullName":"src/test/java/features/login.feature:16","labels":[{"name":"tag","value":"ContactUS"},{"name":"host","value":"Cris"},{"name":"thread","value":"27116@Cris.main(1)"},{"name":"feature","value":"validate login"},{"name":"story","value":"Contact Us Form"},{"name":"suite","value":"validate login"},{"name":"testClass","value":"Contact Us Form"},{"name":"framework","value":"cucumber4jvm"},{"name":"language","value":"java"},{"name":"gherkin_uri","value":"file:///C:/Users/USER/IdeaProjects/EcommercePlaywright/src/test/java/features/login.feature"},{"name":"package","value":"src.test.java.features.login_feature.validate login"}],"links":[],"name":"Contact Us Form","status":"broken","statusDetails":{"known":false,"muted":false,"flaky":false,"message":"Error {\n  message='Error: strict mode violation: getByPlaceholder(\"Email\") resolved to 2 elements:\n    1) <input type=\"email\" name=\"email\" data-qa=\"email\" required=\"required\" placeholder=\"Email\" class=\"form-control\"/> aka getByRole(AriaRole.TEXTBOX, new Page.GetByRoleOptions().setName(\"Email\").setExact(true))\n    2) <input required=\"\" type=\"email\" id=\"susbscribe_email\" placeholder=\"Your email address\"/> aka getByRole(AriaRole.TEXTBOX, new Page.GetByRoleOptions().setName(\"Your email address\"))\n\n  name='Error\n  stack='Error: Error: strict mode violation: getByPlaceholder(\"Email\") resolved to 2 elements:\n    1) <input type=\"email\" name=\"email\" data-qa=\"email\" required=\"required\" placeholder=\"Email\" class=\"form-control\"/> aka getByRole(AriaRole.TEXTBOX, new Page.GetByRoleOptions().setName(\"Email\").setExact(true))\n    2) <input required=\"\" type=\"email\" id=\"susbscribe_email\" placeholder=\"Your email address\"/> aka getByRole(AriaRole.TEXTBOX, new Page.GetByRoleOptions().setName(\"Your email address\"))\n\n    at CRExecutionContext.evaluateWithArguments (C:\\Users\\USER\\AppData\\Local\\Temp\\playwright-java-3051358874468605711\\package\\lib\\server\\chromium\\crExecutionContext.js:82:33)\n    at runNextTicks (node:internal/process/task_queues:65:5)\n    at process.processImmediate (node:internal/timers:459:9)\n    at async LongStandingScope._race (C:\\Users\\USER\\AppData\\Local\\Temp\\playwright-java-3051358874468605711\\package\\lib\\utils\\isomorphic\\manualPromise.js:94:14)\n    at async evaluateExpression (C:\\Users\\USER\\AppData\\Local\\Temp\\playwright-java-3051358874468605711\\package\\lib\\server\\javascript.js:228:12)\n    at async C:\\Users\\USER\\AppData\\Local\\Temp\\playwright-java-3051358874468605711\\package\\lib\\server\\frames.js:965:22\n    at async Frame.retryWithProgressAndTimeouts (C:\\Users\\USER\\AppData\\Local\\Temp\\playwright-java-3051358874468605711\\package\\lib\\server\\frames.js:935:24)\n    at async C:\\Users\\USER\\AppData\\Local\\Temp\\playwright-java-3051358874468605711\\package\\lib\\server\\frames.js:1073:29\n    at async ProgressController.run (C:\\Users\\USER\\AppData\\Local\\Temp\\playwright-java-3051358874468605711\\package\\lib\\server\\progress.js:79:22)\n    at async FrameDispatcher.fill (C:\\Users\\USER\\AppData\\Local\\Temp\\playwright-java-3051358874468605711\\package\\lib\\server\\dispatchers\\frameDispatcher.js:169:12)\n}\nCall log:\n-   - waiting for getByPlaceholder(\"Email\")\n","trace":"com.microsoft.playwright.PlaywrightException: Error {\n  message='Error: strict mode violation: getByPlaceholder(\"Email\") resolved to 2 elements:\n    1) <input type=\"email\" name=\"email\" data-qa=\"email\" required=\"required\" placeholder=\"Email\" class=\"form-control\"/> aka getByRole(AriaRole.TEXTBOX, new Page.GetByRoleOptions().setName(\"Email\").setExact(true))\n    2) <input required=\"\" type=\"email\" id=\"susbscribe_email\" placeholder=\"Your email address\"/> aka getByRole(AriaRole.TEXTBOX, new Page.GetByRoleOptions().setName(\"Your email address\"))\n\n  name='Error\n  stack='Error: Error: strict mode violation: getByPlaceholder(\"Email\") resolved to 2 elements:\n    1) <input type=\"email\" name=\"email\" data-qa=\"email\" required=\"required\" placeholder=\"Email\" class=\"form-control\"/> aka getByRole(AriaRole.TEXTBOX, new Page.GetByRoleOptions().setName(\"Email\").setExact(true))\n    2) <input required=\"\" type=\"email\" id=\"susbscribe_email\" placeholder=\"Your email address\"/> aka getByRole(AriaRole.TEXTBOX, new Page.GetByRoleOptions().setName(\"Your email address\"))\n\n    at CRExecutionContext.evaluateWithArguments (C:\\Users\\USER\\AppData\\Local\\Temp\\playwright-java-3051358874468605711\\package\\lib\\server\\chromium\\crExecutionContext.js:82:33)\n    at runNextTicks (node:internal/process/task_queues:65:5)\n    at process.processImmediate (node:internal/timers:459:9)\n    at async LongStandingScope._race (C:\\Users\\USER\\AppData\\Local\\Temp\\playwright-java-3051358874468605711\\package\\lib\\utils\\isomorphic\\manualPromise.js:94:14)\n    at async evaluateExpression (C:\\Users\\USER\\AppData\\Local\\Temp\\playwright-java-3051358874468605711\\package\\lib\\server\\javascript.js:228:12)\n    at async C:\\Users\\USER\\AppData\\Local\\Temp\\playwright-java-3051358874468605711\\package\\lib\\server\\frames.js:965:22\n    at async Frame.retryWithProgressAndTimeouts (C:\\Users\\USER\\AppData\\Local\\Temp\\playwright-java-3051358874468605711\\package\\lib\\server\\frames.js:935:24)\n    at async C:\\Users\\USER\\AppData\\Local\\Temp\\playwright-java-3051358874468605711\\package\\lib\\server\\frames.js:1073:29\n    at async ProgressController.run (C:\\Users\\USER\\AppData\\Local\\Temp\\playwright-java-3051358874468605711\\package\\lib\\server\\progress.js:79:22)\n    at async FrameDispatcher.fill (C:\\Users\\USER\\AppData\\Local\\Temp\\playwright-java-3051358874468605711\\package\\lib\\server\\dispatchers\\frameDispatcher.js:169:12)\n}\nCall log:\n-   - waiting for getByPlaceholder(\"Email\")\n\r\n\tat com.microsoft.playwright.impl.WaitableResult.get(WaitableResult.java:56)\r\n\tat com.microsoft.playwright.impl.ChannelOwner.runUntil(ChannelOwner.java:132)\r\n\tat com.microsoft.playwright.impl.Connection.sendMessage(Connection.java:130)\r\n\tat com.microsoft.playwright.impl.ChannelOwner.sendMessage(ChannelOwner.java:118)\r\n\tat com.microsoft.playwright.impl.FrameImpl.fillImpl(FrameImpl.java:335)\r\n\tat com.microsoft.playwright.impl.FrameImpl.lambda$fill$14(FrameImpl.java:325)\r\n\tat com.microsoft.playwright.impl.LoggingSupport.lambda$withLogging$0(LoggingSupport.java:36)\r\n\tat com.microsoft.playwright.impl.LoggingSupport.withLogging(LoggingSupport.java:47)\r\n\tat com.microsoft.playwright.impl.ChannelOwner.withLogging(ChannelOwner.java:97)\r\n\tat com.microsoft.playwright.impl.LoggingSupport.withLogging(LoggingSupport.java:35)\r\n\tat com.microsoft.playwright.impl.FrameImpl.fill(FrameImpl.java:325)\r\n\tat com.microsoft.playwright.impl.LocatorImpl.fill(LocatorImpl.java:249)\r\n\tat com.microsoft.playwright.Locator.fill(Locator.java:3075)\r\n\tat pages.ContactUsPage.enter_data_form(ContactUsPage.java:35)\r\n\tat stepDefinitions.StepDefinitionLogin.enters_and(StepDefinitionLogin.java:87)\r\n\tat ✽.enters \"name\", \"email\", \"subject\" and \"message\"(file:///C:/Users/USER/IdeaProjects/EcommercePlaywright/src/test/java/features/login.feature:19)\r\nCaused by: com.microsoft.playwright.impl.DriverException: Error {\n  message='Error: strict mode violation: getByPlaceholder(\"Email\") resolved to 2 elements:\n    1) <input type=\"email\" name=\"email\" data-qa=\"email\" required=\"required\" placeholder=\"Email\" class=\"form-control\"/> aka getByRole(AriaRole.TEXTBOX, new Page.GetByRoleOptions().setName(\"Email\").setExact(true))\n    2) <input required=\"\" type=\"email\" id=\"susbscribe_email\" placeholder=\"Your email address\"/> aka getByRole(AriaRole.TEXTBOX, new Page.GetByRoleOptions().setName(\"Your email address\"))\n\n  name='Error\n  stack='Error: Error: strict mode violation: getByPlaceholder(\"Email\") resolved to 2 elements:\n    1) <input type=\"email\" name=\"email\" data-qa=\"email\" required=\"required\" placeholder=\"Email\" class=\"form-control\"/> aka getByRole(AriaRole.TEXTBOX, new Page.GetByRoleOptions().setName(\"Email\").setExact(true))\n    2) <input required=\"\" type=\"email\" id=\"susbscribe_email\" placeholder=\"Your email address\"/> aka getByRole(AriaRole.TEXTBOX, new Page.GetByRoleOptions().setName(\"Your email address\"))\n\n    at CRExecutionContext.evaluateWithArguments (C:\\Users\\USER\\AppData\\Local\\Temp\\playwright-java-3051358874468605711\\package\\lib\\server\\chromium\\crExecutionContext.js:82:33)\n    at runNextTicks (node:internal/process/task_queues:65:5)\n    at process.processImmediate (node:internal/timers:459:9)\n    at async LongStandingScope._race (C:\\Users\\USER\\AppData\\Local\\Temp\\playwright-java-3051358874468605711\\package\\lib\\utils\\isomorphic\\manualPromise.js:94:14)\n    at async evaluateExpression (C:\\Users\\USER\\AppData\\Local\\Temp\\playwright-java-3051358874468605711\\package\\lib\\server\\javascript.js:228:12)\n    at async C:\\Users\\USER\\AppData\\Local\\Temp\\playwright-java-3051358874468605711\\package\\lib\\server\\frames.js:965:22\n    at async Frame.retryWithProgressAndTimeouts (C:\\Users\\USER\\AppData\\Local\\Temp\\playwright-java-3051358874468605711\\package\\lib\\server\\frames.js:935:24)\n    at async C:\\Users\\USER\\AppData\\Local\\Temp\\playwright-java-3051358874468605711\\package\\lib\\server\\frames.js:1073:29\n    at async ProgressController.run (C:\\Users\\USER\\AppData\\Local\\Temp\\playwright-java-3051358874468605711\\package\\lib\\server\\progress.js:79:22)\n    at async FrameDispatcher.fill (C:\\Users\\USER\\AppData\\Local\\Temp\\playwright-java-3051358874468605711\\package\\lib\\server\\dispatchers\\frameDispatcher.js:169:12)\n}\nCall log:\n-   - waiting for getByPlaceholder(\"Email\")\n\r\n\tat com.microsoft.playwright.impl.Connection.dispatch(Connection.java:259)\r\n\tat com.microsoft.playwright.impl.Connection.processOneMessage(Connection.java:211)\r\n\tat com.microsoft.playwright.impl.ChannelOwner.runUntil(ChannelOwner.java:130)\r\n\tat com.microsoft.playwright.impl.Connection.sendMessage(Connection.java:130)\r\n\tat com.microsoft.playwright.impl.ChannelOwner.sendMessage(ChannelOwner.java:118)\r\n\tat com.microsoft.playwright.impl.FrameImpl.fillImpl(FrameImpl.java:335)\r\n\tat com.microsoft.playwright.impl.FrameImpl.lambda$fill$14(FrameImpl.java:325)\r\n\tat com.microsoft.playwright.impl.LoggingSupport.lambda$withLogging$0(LoggingSupport.java:36)\r\n\tat com.microsoft.playwright.impl.LoggingSupport.withLogging(LoggingSupport.java:47)\r\n\tat com.microsoft.playwright.impl.ChannelOwner.withLogging(ChannelOwner.java:97)\r\n\tat com.microsoft.playwright.impl.LoggingSupport.withLogging(LoggingSupport.java:35)\r\n\tat com.microsoft.playwright.impl.FrameImpl.fill(FrameImpl.java:325)\r\n\tat com.microsoft.playwright.impl.LocatorImpl.fill(LocatorImpl.java:249)\r\n\tat com.microsoft.playwright.Locator.fill(Locator.java:3075)\r\n\tat pages.ContactUsPage.enter_data_form(ContactUsPage.java:35)\r\n\tat stepDefinitions.StepDefinitionLogin.enters_and(StepDefinitionLogin.java:87)\r\n\tat java.base/jdk.internal.reflect.NativeMethodAccessorImpl.invoke0(Native Method)\r\n\tat java.base/jdk.internal.reflect.NativeMethodAccessorImpl.invoke(NativeMethodAccessorImpl.java:77)\r\n\tat java.base/jdk.internal.reflect.DelegatingMethodAccessorImpl.invoke(DelegatingMethodAccessorImpl.java:43)\r\n\tat java.base/java.lang.reflect.Method.invoke(Method.java:568)\r\n\tat io.cucumber.java.Invoker.doInvoke(Invoker.java:66)\r\n\tat io.cucumber.java.Invoker.invoke(Invoker.java:24)\r\n\tat io.cucumber.java.AbstractGlueDefinition.invokeMethod(AbstractGlueDefinition.java:47)\r\n\tat io.cucumber.java.JavaStepDefinition.execute(JavaStepDefinition.java:29)\r\n\tat io.cucumber.core.runner.CoreStepDefinition.execute(CoreStepDefinition.java:66)\r\n\tat io.cucumber.core.runner.PickleStepDefinitionMatch.runStep(PickleStepDefinitionMatch.java:63)\r\n\tat io.cucumber.core.runner.ExecutionMode$1.execute(ExecutionMode.java:10)\r\n\tat io.cucumber.core.runner.TestStep.executeStep(TestStep.java:84)\r\n\tat io.cucumber.core.runner.TestStep.run(TestStep.java:56)\r\n\tat io.cucumber.core.runner.PickleStepTestStep.run(PickleStepTestStep.java:51)\r\n\tat io.cucumber.core.runner.TestCase.run(TestCase.java:84)\r\n\tat io.cucumber.core.runner.Runner.runPickle(Runner.java:75)\r\n\tat io.cucumber.testng.TestNGCucumberRunner.lambda$runScenario$1(TestNGCucumberRunner.java:132)\r\n\tat io.cucumber.core.runtime.CucumberExecutionContext.lambda$runTestCase$5(CucumberExecutionContext.java:137)\r\n\tat io.cucumber.core.runtime.RethrowingThrowableCollector.executeAndThrow(RethrowingThrowableCollector.java:23)\r\n\tat io.cucumber.core.runtime.CucumberExecutionContext.runTestCase(CucumberExecutionContext.java:137)\r\n\tat io.cucumber.testng.TestNGCucumberRunner.runScenario(TestNGCucumberRunner.java:129)\r\n\tat io.cucumber.testng.AbstractTestNGCucumberTests.runScenario(AbstractTestNGCucumberTests.java:35)\r\n\tat java.base/jdk.internal.reflect.NativeMethodAccessorImpl.invoke0(Native Method)\r\n\tat java.base/jdk.internal.reflect.NativeMethodAccessorImpl.invoke(NativeMethodAccessorImpl.java:77)\r\n\tat java.base/jdk.internal.reflect.DelegatingMethodAccessorImpl.invoke(DelegatingMethodAccessorImpl.java:43)\r\n\tat java.base/java.lang.reflect.Method.invoke(Method.java:568)\r\n\tat org.testng.internal.invokers.MethodInvocationHelper.invokeMethod(MethodInvocationHelper.java:135)\r\n\tat org.testng.internal.invokers.TestInvoker.invokeMethod(TestInvoker.java:673)\r\n\tat org.testng.internal.invokers.TestInvoker.invokeTestMethod(TestInvoker.java:220)\r\n\tat org.testng.internal.invokers.MethodRunner.runInSequence(MethodRunner.java:50)\r\n\tat org.testng.internal.invokers.TestInvoker$MethodInvocationAgent.invoke(TestInvoker.java:945)\r\n\tat org.testng.internal.invokers.TestInvoker.invokeTestMethods(TestInvoker.java:193)\r\n\tat org.testng.internal.invokers.TestMethodWorker.invokeTestMethods(TestMethodWorker.java:146)\r\n\tat org.testng.internal.invokers.TestMethodWorker.run(TestMethodWorker.java:128)\r\n\tat java.base/java.util.ArrayList.forEach(ArrayList.java:1511)\r\n\tat org.testng.TestRunner.privateRun(TestRunner.java:808)\r\n\tat org.testng.TestRunner.run(TestRunner.java:603)\r\n\tat org.testng.SuiteRunner.runTest(SuiteRunner.java:429)\r\n\tat org.testng.SuiteRunner.runSequentially(SuiteRunner.java:423)\r\n\tat org.testng.SuiteRunner.privateRun(SuiteRunner.java:383)\r\n\tat org.testng.SuiteRunner.run(SuiteRunner.java:326)\r\n\tat org.testng.SuiteRunnerWorker.runSuite(SuiteRunnerWorker.java:52)\r\n\tat org.testng.SuiteRunnerWorker.run(SuiteRunnerWorker.java:95)\r\n\tat org.testng.TestNG.runSuitesSequentially(TestNG.java:1249)\r\n\tat org.testng.TestNG.runSuitesLocally(TestNG.java:1169)\r\n\tat org.testng.TestNG.runSuites(TestNG.java:1092)\r\n\tat org.testng.TestNG.run(TestNG.java:1060)\r\n\tat com.intellij.rt.testng.IDEARemoteTestNG.run(IDEARemoteTestNG.java:65)\r\n\tat com.intellij.rt.testng.RemoteTestNGStarter.main(RemoteTestNGStarter.java:105)\r\n"},"stage":"finished","steps":[{"name":"Given user enters the e-commerce page","status":"passed","statusDetails":{"known":false,"muted":false,"flaky":false},"stage":"finished","steps":[],"attachments":[],"parameters":[],"start":1748822893006,"stop":1748822896072},{"name":"When user selects the new option to create a \"contact us\"","status":"passed","statusDetails":{"known":false,"muted":false,"flaky":false},"stage":"finished","steps":[],"attachments":[],"parameters":[],"start":1748822896077,"stop":1748822896368},{"name":"And enters \"name\", \"email\", \"subject\" and \"message\"","status":"broken","statusDetails":{"known":false,"muted":false,"flaky":false,"message":"Error {\n  message='Error: strict mode violation: getByPlaceholder(\"Email\") resolved to 2 elements:\n    1) <input type=\"email\" name=\"email\" data-qa=\"email\" required=\"required\" placeholder=\"Email\" class=\"form-control\"/> aka getByRole(AriaRole.TEXTBOX, new Page.GetByRoleOptions().setName(\"Email\").setExact(true))\n    2) <input required=\"\" type=\"email\" id=\"susbscribe_email\" placeholder=\"Your email address\"/> aka getByRole(AriaRole.TEXTBOX, new Page.GetByRoleOptions().setName(\"Your email address\"))\n\n  name='Error\n  stack='Error: Error: strict mode violation: getByPlaceholder(\"Email\") resolved to 2 elements:\n    1) <input type=\"email\" name=\"email\" data-qa=\"email\" required=\"required\" placeholder=\"Email\" class=\"form-control\"/> aka getByRole(AriaRole.TEXTBOX, new Page.GetByRoleOptions().setName(\"Email\").setExact(true))\n    2) <input required=\"\" type=\"email\" id=\"susbscribe_email\" placeholder=\"Your email address\"/> aka getByRole(AriaRole.TEXTBOX, new Page.GetByRoleOptions().setName(\"Your email address\"))\n\n    at CRExecutionContext.evaluateWithArguments (C:\\Users\\USER\\AppData\\Local\\Temp\\playwright-java-3051358874468605711\\package\\lib\\server\\chromium\\crExecutionContext.js:82:33)\n    at runNextTicks (node:internal/process/task_queues:65:5)\n    at process.processImmediate (node:internal/timers:459:9)\n    at async LongStandingScope._race (C:\\Users\\USER\\AppData\\Local\\Temp\\playwright-java-3051358874468605711\\package\\lib\\utils\\isomorphic\\manualPromise.js:94:14)\n    at async evaluateExpression (C:\\Users\\USER\\AppData\\Local\\Temp\\playwright-java-3051358874468605711\\package\\lib\\server\\javascript.js:228:12)\n    at async C:\\Users\\USER\\AppData\\Local\\Temp\\playwright-java-3051358874468605711\\package\\lib\\server\\frames.js:965:22\n    at async Frame.retryWithProgressAndTimeouts (C:\\Users\\USER\\AppData\\Local\\Temp\\playwright-java-3051358874468605711\\package\\lib\\server\\frames.js:935:24)\n    at async C:\\Users\\USER\\AppData\\Local\\Temp\\playwright-java-3051358874468605711\\package\\lib\\server\\frames.js:1073:29\n    at async ProgressController.run (C:\\Users\\USER\\AppData\\Local\\Temp\\playwright-java-3051358874468605711\\package\\lib\\server\\progress.js:79:22)\n    at async FrameDispatcher.fill (C:\\Users\\USER\\AppData\\Local\\Temp\\playwright-java-3051358874468605711\\package\\lib\\server\\dispatchers\\frameDispatcher.js:169:12)\n}\nCall log:\n-   - waiting for getByPlaceholder(\"Email\")\n","trace":"com.microsoft.playwright.PlaywrightException: Error {\n  message='Error: strict mode violation: getByPlaceholder(\"Email\") resolved to 2 elements:\n    1) <input type=\"email\" name=\"email\" data-qa=\"email\" required=\"required\" placeholder=\"Email\" class=\"form-control\"/> aka getByRole(AriaRole.TEXTBOX, new Page.GetByRoleOptions().setName(\"Email\").setExact(true))\n    2) <input required=\"\" type=\"email\" id=\"susbscribe_email\" placeholder=\"Your email address\"/> aka getByRole(AriaRole.TEXTBOX, new Page.GetByRoleOptions().setName(\"Your email address\"))\n\n  name='Error\n  stack='Error: Error: strict mode violation: getByPlaceholder(\"Email\") resolved to 2 elements:\n    1) <input type=\"email\" name=\"email\" data-qa=\"email\" required=\"required\" placeholder=\"Email\" class=\"form-control\"/> aka getByRole(AriaRole.TEXTBOX, new Page.GetByRoleOptions().setName(\"Email\").setExact(true))\n    2) <input required=\"\" type=\"email\" id=\"susbscribe_email\" placeholder=\"Your email address\"/> aka getByRole(AriaRole.TEXTBOX, new Page.GetByRoleOptions().setName(\"Your email address\"))\n\n    at CRExecutionContext.evaluateWithArguments (C:\\Users\\USER\\AppData\\Local\\Temp\\playwright-java-3051358874468605711\\package\\lib\\server\\chromium\\crExecutionContext.js:82:33)\n    at runNextTicks (node:internal/process/task_queues:65:5)\n    at process.processImmediate (node:internal/timers:459:9)\n    at async LongStandingScope._race (C:\\Users\\USER\\AppData\\Local\\Temp\\playwright-java-3051358874468605711\\package\\lib\\utils\\isomorphic\\manualPromise.js:94:14)\n    at async evaluateExpression (C:\\Users\\USER\\AppData\\Local\\Temp\\playwright-java-3051358874468605711\\package\\lib\\server\\javascript.js:228:12)\n    at async C:\\Users\\USER\\AppData\\Local\\Temp\\playwright-java-3051358874468605711\\package\\lib\\server\\frames.js:965:22\n    at async Frame.retryWithProgressAndTimeouts (C:\\Users\\USER\\AppData\\Local\\Temp\\playwright-java-3051358874468605711\\package\\lib\\server\\frames.js:935:24)\n    at async C:\\Users\\USER\\AppData\\Local\\Temp\\playwright-java-3051358874468605711\\package\\lib\\server\\frames.js:1073:29\n    at async ProgressController.run (C:\\Users\\USER\\AppData\\Local\\Temp\\playwright-java-3051358874468605711\\package\\lib\\server\\progress.js:79:22)\n    at async FrameDispatcher.fill (C:\\Users\\USER\\AppData\\Local\\Temp\\playwright-java-3051358874468605711\\package\\lib\\server\\dispatchers\\frameDispatcher.js:169:12)\n}\nCall log:\n-   - waiting for getByPlaceholder(\"Email\")\n\r\n\tat com.microsoft.playwright.impl.WaitableResult.get(WaitableResult.java:56)\r\n\tat com.microsoft.playwright.impl.ChannelOwner.runUntil(ChannelOwner.java:132)\r\n\tat com.microsoft.playwright.impl.Connection.sendMessage(Connection.java:130)\r\n\tat com.microsoft.playwright.impl.ChannelOwner.sendMessage(ChannelOwner.java:118)\r\n\tat com.microsoft.playwright.impl.FrameImpl.fillImpl(FrameImpl.java:335)\r\n\tat com.microsoft.playwright.impl.FrameImpl.lambda$fill$14(FrameImpl.java:325)\r\n\tat com.microsoft.playwright.impl.LoggingSupport.lambda$withLogging$0(LoggingSupport.java:36)\r\n\tat com.microsoft.playwright.impl.LoggingSupport.withLogging(LoggingSupport.java:47)\r\n\tat com.microsoft.playwright.impl.ChannelOwner.withLogging(ChannelOwner.java:97)\r\n\tat com.microsoft.playwright.impl.LoggingSupport.withLogging(LoggingSupport.java:35)\r\n\tat com.microsoft.playwright.impl.FrameImpl.fill(FrameImpl.java:325)\r\n\tat com.microsoft.playwright.impl.LocatorImpl.fill(LocatorImpl.java:249)\r\n\tat com.microsoft.playwright.Locator.fill(Locator.java:3075)\r\n\tat pages.ContactUsPage.enter_data_form(ContactUsPage.java:35)\r\n\tat stepDefinitions.StepDefinitionLogin.enters_and(StepDefinitionLogin.java:87)\r\n\tat ✽.enters \"name\", \"email\", \"subject\" and \"message\"(file:///C:/Users/USER/IdeaProjects/EcommercePlaywright/src/test/java/features/login.feature:19)\r\nCaused by: com.microsoft.playwright.impl.DriverException: Error {\n  message='Error: strict mode violation: getByPlaceholder(\"Email\") resolved to 2 elements:\n    1) <input type=\"email\" name=\"email\" data-qa=\"email\" required=\"required\" placeholder=\"Email\" class=\"form-control\"/> aka getByRole(AriaRole.TEXTBOX, new Page.GetByRoleOptions().setName(\"Email\").setExact(true))\n    2) <input required=\"\" type=\"email\" id=\"susbscribe_email\" placeholder=\"Your email address\"/> aka getByRole(AriaRole.TEXTBOX, new Page.GetByRoleOptions().setName(\"Your email address\"))\n\n  name='Error\n  stack='Error: Error: strict mode violation: getByPlaceholder(\"Email\") resolved to 2 elements:\n    1) <input type=\"email\" name=\"email\" data-qa=\"email\" required=\"required\" placeholder=\"Email\" class=\"form-control\"/> aka getByRole(AriaRole.TEXTBOX, new Page.GetByRoleOptions().setName(\"Email\").setExact(true))\n    2) <input required=\"\" type=\"email\" id=\"susbscribe_email\" placeholder=\"Your email address\"/> aka getByRole(AriaRole.TEXTBOX, new Page.GetByRoleOptions().setName(\"Your email address\"))\n\n    at CRExecutionContext.evaluateWithArguments (C:\\Users\\USER\\AppData\\Local\\Temp\\playwright-java-3051358874468605711\\package\\lib\\server\\chromium\\crExecutionContext.js:82:33)\n    at runNextTicks (node:internal/process/task_queues:65:5)\n    at process.processImmediate (node:internal/timers:459:9)\n    at async LongStandingScope._race (C:\\Users\\USER\\AppData\\Local\\Temp\\playwright-java-3051358874468605711\\package\\lib\\utils\\isomorphic\\manualPromise.js:94:14)\n    at async evaluateExpression (C:\\Users\\USER\\AppData\\Local\\Temp\\playwright-java-3051358874468605711\\package\\lib\\server\\javascript.js:228:12)\n    at async C:\\Users\\USER\\AppData\\Local\\Temp\\playwright-java-3051358874468605711\\package\\lib\\server\\frames.js:965:22\n    at async Frame.retryWithProgressAndTimeouts (C:\\Users\\USER\\AppData\\Local\\Temp\\playwright-java-3051358874468605711\\package\\lib\\server\\frames.js:935:24)\n    at async C:\\Users\\USER\\AppData\\Local\\Temp\\playwright-java-3051358874468605711\\package\\lib\\server\\frames.js:1073:29\n    at async ProgressController.run (C:\\Users\\USER\\AppData\\Local\\Temp\\playwright-java-3051358874468605711\\package\\lib\\server\\progress.js:79:22)\n    at async FrameDispatcher.fill (C:\\Users\\USER\\AppData\\Local\\Temp\\playwright-java-3051358874468605711\\package\\lib\\server\\dispatchers\\frameDispatcher.js:169:12)\n}\nCall log:\n-   - waiting for getByPlaceholder(\"Email\")\n\r\n\tat com.microsoft.playwright.impl.Connection.dispatch(Connection.java:259)\r\n\tat com.microsoft.playwright.impl.Connection.processOneMessage(Connection.java:211)\r\n\tat com.microsoft.playwright.impl.ChannelOwner.runUntil(ChannelOwner.java:130)\r\n\tat com.microsoft.playwright.impl.Connection.sendMessage(Connection.java:130)\r\n\tat com.microsoft.playwright.impl.ChannelOwner.sendMessage(ChannelOwner.java:118)\r\n\tat com.microsoft.playwright.impl.FrameImpl.fillImpl(FrameImpl.java:335)\r\n\tat com.microsoft.playwright.impl.FrameImpl.lambda$fill$14(FrameImpl.java:325)\r\n\tat com.microsoft.playwright.impl.LoggingSupport.lambda$withLogging$0(LoggingSupport.java:36)\r\n\tat com.microsoft.playwright.impl.LoggingSupport.withLogging(LoggingSupport.java:47)\r\n\tat com.microsoft.playwright.impl.ChannelOwner.withLogging(ChannelOwner.java:97)\r\n\tat com.microsoft.playwright.impl.LoggingSupport.withLogging(LoggingSupport.java:35)\r\n\tat com.microsoft.playwright.impl.FrameImpl.fill(FrameImpl.java:325)\r\n\tat com.microsoft.playwright.impl.LocatorImpl.fill(LocatorImpl.java:249)\r\n\tat com.microsoft.playwright.Locator.fill(Locator.java:3075)\r\n\tat pages.ContactUsPage.enter_data_form(ContactUsPage.java:35)\r\n\tat stepDefinitions.StepDefinitionLogin.enters_and(StepDefinitionLogin.java:87)\r\n\tat java.base/jdk.internal.reflect.NativeMethodAccessorImpl.invoke0(Native Method)\r\n\tat java.base/jdk.internal.reflect.NativeMethodAccessorImpl.invoke(NativeMethodAccessorImpl.java:77)\r\n\tat java.base/jdk.internal.reflect.DelegatingMethodAccessorImpl.invoke(DelegatingMethodAccessorImpl.java:43)\r\n\tat java.base/java.lang.reflect.Method.invoke(Method.java:568)\r\n\tat io.cucumber.java.Invoker.doInvoke(Invoker.java:66)\r\n\tat io.cucumber.java.Invoker.invoke(Invoker.java:24)\r\n\tat io.cucumber.java.AbstractGlueDefinition.invokeMethod(AbstractGlueDefinition.java:47)\r\n\tat io.cucumber.java.JavaStepDefinition.execute(JavaStepDefinition.java:29)\r\n\tat io.cucumber.core.runner.CoreStepDefinition.execute(CoreStepDefinition.java:66)\r\n\tat io.cucumber.core.runner.PickleStepDefinitionMatch.runStep(PickleStepDefinitionMatch.java:63)\r\n\tat io.cucumber.core.runner.ExecutionMode$1.execute(ExecutionMode.java:10)\r\n\tat io.cucumber.core.runner.TestStep.executeStep(TestStep.java:84)\r\n\tat io.cucumber.core.runner.TestStep.run(TestStep.java:56)\r\n\tat io.cucumber.core.runner.PickleStepTestStep.run(PickleStepTestStep.java:51)\r\n\tat io.cucumber.core.runner.TestCase.run(TestCase.java:84)\r\n\tat io.cucumber.core.runner.Runner.runPickle(Runner.java:75)\r\n\tat io.cucumber.testng.TestNGCucumberRunner.lambda$runScenario$1(TestNGCucumberRunner.java:132)\r\n\tat io.cucumber.core.runtime.CucumberExecutionContext.lambda$runTestCase$5(CucumberExecutionContext.java:137)\r\n\tat io.cucumber.core.runtime.RethrowingThrowableCollector.executeAndThrow(RethrowingThrowableCollector.java:23)\r\n\tat io.cucumber.core.runtime.CucumberExecutionContext.runTestCase(CucumberExecutionContext.java:137)\r\n\tat io.cucumber.testng.TestNGCucumberRunner.runScenario(TestNGCucumberRunner.java:129)\r\n\tat io.cucumber.testng.AbstractTestNGCucumberTests.runScenario(AbstractTestNGCucumberTests.java:35)\r\n\tat java.base/jdk.internal.reflect.NativeMethodAccessorImpl.invoke0(Native Method)\r\n\tat java.base/jdk.internal.reflect.NativeMethodAccessorImpl.invoke(NativeMethodAccessorImpl.java:77)\r\n\tat java.base/jdk.internal.reflect.DelegatingMethodAccessorImpl.invoke(DelegatingMethodAccessorImpl.java:43)\r\n\tat java.base/java.lang.reflect.Method.invoke(Method.java:568)\r\n\tat org.testng.internal.invokers.MethodInvocationHelper.invokeMethod(MethodInvocationHelper.java:135)\r\n\tat org.testng.internal.invokers.TestInvoker.invokeMethod(TestInvoker.java:673)\r\n\tat org.testng.internal.invokers.TestInvoker.invokeTestMethod(TestInvoker.java:220)\r\n\tat org.testng.internal.invokers.MethodRunner.runInSequence(MethodRunner.java:50)\r\n\tat org.testng.internal.invokers.TestInvoker$MethodInvocationAgent.invoke(TestInvoker.java:945)\r\n\tat org.testng.internal.invokers.TestInvoker.invokeTestMethods(TestInvoker.java:193)\r\n\tat org.testng.internal.invokers.TestMethodWorker.invokeTestMethods(TestMethodWorker.java:146)\r\n\tat org.testng.internal.invokers.TestMethodWorker.run(TestMethodWorker.java:128)\r\n\tat java.base/java.util.ArrayList.forEach(ArrayList.java:1511)\r\n\tat org.testng.TestRunner.privateRun(TestRunner.java:808)\r\n\tat org.testng.TestRunner.run(TestRunner.java:603)\r\n\tat org.testng.SuiteRunner.runTest(SuiteRunner.java:429)\r\n\tat org.testng.SuiteRunner.runSequentially(SuiteRunner.java:423)\r\n\tat org.testng.SuiteRunner.privateRun(SuiteRunner.java:383)\r\n\tat org.testng.SuiteRunner.run(SuiteRunner.java:326)\r\n\tat org.testng.SuiteRunnerWorker.runSuite(SuiteRunnerWorker.java:52)\r\n\tat org.testng.SuiteRunnerWorker.run(SuiteRunnerWorker.java:95)\r\n\tat org.testng.TestNG.runSuitesSequentially(TestNG.java:1249)\r\n\tat org.testng.TestNG.runSuitesLocally(TestNG.java:1169)\r\n\tat org.testng.TestNG.runSuites(TestNG.java:1092)\r\n\tat org.testng.TestNG.run(TestNG.java:1060)\r\n\tat com.intellij.rt.testng.IDEARemoteTestNG.run(IDEARemoteTestNG.java:65)\r\n\tat com.intellij.rt.testng.RemoteTestNGStarter.main(RemoteTestNGStarter.java:105)\r\n"},"stage":"finished","steps":[],"attachments":[],"parameters":[],"start":1748822896368,"stop":1748822896437},{"name":"Then Verify success message \"Success! Your details have been submitted successfully.\" is visible","status":"skipped","statusDetails":{"known":false,"muted":false,"flaky":false},"stage":"finished","steps":[],"attachments":[],"parameters":[],"start":1748822896440,"stop":1748822896440}],"attachments":[],"parameters":[],"start":1748822893003,"stop":1748822896442}