<?xml version="1.0" encoding="UTF-8"?>
<testsuite name="EcommercePlaywright"
           tests="8"
           failures="1"
           errors="0"
           skipped="0"
           time="60,805">
    <properties></properties>

            <testcase
                name="runScenario"
                time="32,261"
                classname="runner.TestRunner">

            <failure type="com.microsoft.playwright.TimeoutError" message="Timeout 30000ms exceeded">
                <![CDATA[com.microsoft.playwright.TimeoutError: Timeout 30000ms exceeded
                com.microsoft.playwright.impl.WaitableTimeout.get(WaitableTimeout.java:41)com.microsoft.playwright.impl.WaitableRace.get(WaitableRace.java:46)com.microsoft.playwright.impl.ChannelOwner.runUntil(ChannelOwner.java:132)com.microsoft.playwright.impl.PageImpl.waitForEventWithTimeout(PageImpl.java:535)com.microsoft.playwright.impl.PageImpl.waitForPopupImpl(PageImpl.java:503)com.microsoft.playwright.impl.PageImpl.lambda$waitForPopup$4(PageImpl.java:496)com.microsoft.playwright.impl.WaitForEventLogger.lambda$get$0(WaitForEventLogger.java:50)com.microsoft.playwright.impl.LoggingSupport.withLogging(LoggingSupport.java:47)com.microsoft.playwright.impl.ChannelOwner.withLogging(ChannelOwner.java:97)com.microsoft.playwright.impl.WaitForEventLogger.get(WaitForEventLogger.java:41)com.microsoft.playwright.impl.ChannelOwner.withWaitLogging(ChannelOwner.java:87)com.microsoft.playwright.impl.PageImpl.waitForPopup(PageImpl.java:496)com.microsoft.playwright.Page.waitForPopup(Page.java:7908)pages.ContactUsPage.enter_data_form(ContactUsPage.java:41)stepDefinitions.StepDefinitionLogin.enters_and(StepDefinitionLogin.java:87)✽.enters "name", "email", "subject" and "message"(file:///C:/Users/USER/IdeaProjects/EcommercePlaywright/src/test/java/features/login.feature:19)
]]>
            </failure>
    </testcase>


            <testcase
                name="runScenario"
                time="2,829"
                classname="runner.TestRunner">
            </testcase>
            <testcase
                name="runScenario"
                time="5,945"
                classname="runner.TestRunner">
            </testcase>
            <testcase
                name="runScenario"
                time="5,859"
                classname="runner.TestRunner">
            </testcase>
            <testcase
                name="runScenario"
                time="4,108"
                classname="runner.TestRunner">
            </testcase>
            <testcase
                name="runScenario"
                time="2,881"
                classname="runner.TestRunner">
            </testcase>
            <testcase
                name="runScenario"
                time="2,997"
                classname="runner.TestRunner">
            </testcase>
            <testcase
                name="runScenario"
                time="3,925"
                classname="runner.TestRunner">
            </testcase>
</testsuite>
